0 info it worked if it ends with ok
1 verbose cli [ 'node', '/usr/local/bin/npm', 'install', 'rxjs' ]
2 info using npm@1.4.28
3 info using node@v0.10.34
4 warn package.json progress_bar_coffee@0.0.1 No repository field.
5 verbose readDependencies using package.json deps
6 verbose cache add [ 'rxjs', null ]
7 verbose cache add name=undefined spec="rxjs" args=["rxjs",null]
8 verbose parsed url { protocol: null,
8 verbose parsed url   slashes: null,
8 verbose parsed url   auth: null,
8 verbose parsed url   host: null,
8 verbose parsed url   port: null,
8 verbose parsed url   hostname: null,
8 verbose parsed url   hash: null,
8 verbose parsed url   search: null,
8 verbose parsed url   query: null,
8 verbose parsed url   pathname: 'rxjs',
8 verbose parsed url   path: 'rxjs',
8 verbose parsed url   href: 'rxjs' }
9 silly lockFile 184aca4e-rxjs rxjs
10 verbose lock rxjs /Users/keita/.npm/184aca4e-rxjs.lock
11 silly lockFile 184aca4e-rxjs rxjs
12 silly lockFile 184aca4e-rxjs rxjs
13 verbose addNamed [ 'rxjs', '' ]
14 verbose addNamed [ null, '*' ]
15 silly lockFile cd00cd79-rxjs rxjs@
16 verbose lock rxjs@ /Users/keita/.npm/cd00cd79-rxjs.lock
17 silly addNameRange { name: 'rxjs', range: '*', hasData: false }
18 silly lockFile cd00cd79-rxjs rxjs@
19 silly lockFile cd00cd79-rxjs rxjs@
20 error 404 Not Found
20 error 404
20 error 404 'rxjs' is not in the npm registry.
20 error 404 You should bug the author to publish it
20 error 404 It was specified as a dependency of 'progress_bar_coffee'
20 error 404
20 error 404 Note that you can also install from a
20 error 404 tarball, folder, or http url, or git url.
21 error System Darwin 14.0.0
22 error command "node" "/usr/local/bin/npm" "install" "rxjs"
23 error cwd /workspace/progressbar-with-css-sprite
24 error node -v v0.10.34
25 error npm -v 1.4.28
26 error code E404
27 verbose exit [ 1, true ]
